# JRE version: OpenJDK Runtime Environment Temurin-17.0.4.1+1 (17.0.4.1+1) (build 17.0.4.1+1)
# Java VM: OpenJDK 64-Bit Server VM Temurin-17.0.4.1+1 (17.0.4.1+1, mixed mode, emulated-client, tiered, compressed oops, compressed class ptrs, g1 gc, windows-amd64)
GC Precious Log:
 CPUs: 4 total, 4 available
 Memory: 12162M
 Large Page Support: Disabled
 NUMA Support: Disabled
 Compressed Oops: Enabled (Zero based)
 Heap Region Size: 2M
 Heap Min Capacity: 8M
 Heap Initial Capacity: 192M
 Heap Max Capacity: 3042M
 Pre-touch: Disabled
 Parallel Workers: 4
 Concurrent Workers: 1
 Concurrent Refinement Workers: 4
 Periodic GC: Disabled
Heap:
 garbage-first heap   total 114688K, used 34225K [0x0000000741e00000, 0x0000000800000000)
  region size 2048K, 3 young (6144K), 3 survivors (6144K)
 Metaspace       used 74138K, committed 76160K, reserved 1122304K
  class space    used 10174K, committed 10752K, reserved 1048576K
GC Heap History (20 events):
Event: 306.698 GC heap after
{Heap after GC invocations=50 (full 7):
 garbage-first heap   total 88064K, used 26043K [0x0000000741e00000, 0x0000000800000000)
  region size 2048K, 0 young (0K), 0 survivors (0K)
 Metaspace       used 72493K, committed 73152K, reserved 1114112K
  class space    used 9868K, committed 10176K, reserved 1048576K
}
Event: 307.276 GC heap before
{Heap before GC invocations=50 (full 7):
 garbage-first heap   total 88064K, used 64955K [0x0000000741e00000, 0x0000000800000000)
  region size 2048K, 20 young (40960K), 0 survivors (0K)
 Metaspace       used 72586K, committed 73216K, reserved 1114112K
  class space    used 9884K, committed 10176K, reserved 1048576K
}
Event: 307.280 GC heap after
{Heap after GC invocations=51 (full 7):
 garbage-first heap   total 88064K, used 28506K [0x0000000741e00000, 0x0000000800000000)
  region size 2048K, 2 young (4096K), 2 survivors (4096K)
 Metaspace       used 72586K, committed 73216K, reserved 1114112K
  class space    used 9884K, committed 10176K, reserved 1048576K
}
Event: 308.344 GC heap before
{Heap before GC invocations=51 (full 7):
 garbage-first heap   total 88064K, used 65370K [0x0000000741e00000, 0x0000000800000000)
  region size 2048K, 20 young (40960K), 2 survivors (4096K)
 Metaspace       used 72881K, committed 73536K, reserved 1114112K
  class space    used 9914K, committed 10240K, reserved 1048576K
}
Event: 308.358 GC heap after
{Heap after GC invocations=52 (full 7):
 garbage-first heap   total 88064K, used 31094K [0x0000000741e00000, 0x0000000800000000)
  region size 2048K, 3 young (6144K), 3 survivors (6144K)
 Metaspace       used 72881K, committed 73536K, reserved 1114112K
  class space    used 9914K, committed 10240K, reserved 1048576K
}
Event: 308.760 GC heap before
{Heap before GC invocations=52 (full 7):
 garbage-first heap   total 88064K, used 65910K [0x0000000741e00000, 0x0000000800000000)
  region size 2048K, 20 young (40960K), 3 survivors (6144K)
 Metaspace       used 73060K, committed 73728K, reserved 1114112K
  class space    used 9927K, committed 10240K, reserved 1048576K
}
Event: 308.770 GC heap after
{Heap after GC invocations=53 (full 7):
 garbage-first heap   total 88064K, used 32587K [0x0000000741e00000, 0x0000000800000000)
  region size 2048K, 3 young (6144K), 3 survivors (6144K)
 Metaspace       used 73060K, committed 73728K, reserved 1114112K
  class space    used 9927K, committed 10240K, reserved 1048576K
}
Event: 317.221 GC heap before
{Heap before GC invocations=53 (full 7):
 garbage-first heap   total 88064K, used 65355K [0x0000000741e00000, 0x0000000800000000)
  region size 2048K, 19 young (38912K), 3 survivors (6144K)
 Metaspace       used 73093K, committed 73728K, reserved 1114112K
  class space    used 9932K, committed 10240K, reserved 1048576K
}
Event: 317.230 GC heap after
{Heap after GC invocations=54 (full 7):
 garbage-first heap   total 88064K, used 34388K [0x0000000741e00000, 0x0000000800000000)
  region size 2048K, 2 young (4096K), 2 survivors (4096K)
 Metaspace       used 73093K, committed 73728K, reserved 1114112K
  class space    used 9932K, committed 10240K, reserved 1048576K
}
Event: 577.419 GC heap before
{Heap before GC invocations=54 (full 7):
 garbage-first heap   total 88064K, used 65108K [0x0000000741e00000, 0x0000000800000000)
  region size 2048K, 18 young (36864K), 2 survivors (4096K)
 Metaspace       used 76713K, committed 77568K, reserved 1122304K
  class space    used 10410K, committed 10816K, reserved 1048576K
}
Event: 577.437 GC heap after
{Heap after GC invocations=55 (full 7):
 garbage-first heap   total 88064K, used 35994K [0x0000000741e00000, 0x0000000800000000)
  region size 2048K, 2 young (4096K), 2 survivors (4096K)
 Metaspace       used 76713K, committed 77568K, reserved 1122304K
  class space    used 10410K, committed 10816K, reserved 1048576K
}
Event: 577.553 GC heap before
{Heap before GC invocations=55 (full 7):
 garbage-first heap   total 88064K, used 35994K [0x0000000741e00000, 0x0000000800000000)
  region size 2048K, 3 young (6144K), 2 survivors (4096K)
 Metaspace       used 76716K, committed 77568K, reserved 1122304K
  class space    used 10411K, committed 10816K, reserved 1048576K
}
Event: 577.679 GC heap after
{Heap after GC invocations=56 (full 8):
 garbage-first heap   total 88064K, used 23374K [0x0000000741e00000, 0x0000000800000000)
  region size 2048K, 0 young (0K), 0 survivors (0K)
 Metaspace       used 73513K, committed 76160K, reserved 1122304K
  class space    used 10102K, committed 10752K, reserved 1048576K
}
Event: 578.280 GC heap before
{Heap before GC invocations=56 (full 8):
 garbage-first heap   total 88064K, used 60238K [0x0000000741e00000, 0x0000000800000000)
  region size 2048K, 19 young (38912K), 0 survivors (0K)
 Metaspace       used 73602K, committed 76160K, reserved 1122304K
  class space    used 10118K, committed 10752K, reserved 1048576K
}
Event: 578.285 GC heap after
{Heap after GC invocations=57 (full 8):
 garbage-first heap   total 88064K, used 26609K [0x0000000741e00000, 0x0000000800000000)
  region size 2048K, 2 young (4096K), 2 survivors (4096K)
 Metaspace       used 73602K, committed 76160K, reserved 1122304K
  class space    used 10118K, committed 10752K, reserved 1048576K
}
Event: 579.452 GC heap before
{Heap before GC invocations=57 (full 8):
 garbage-first heap   total 88064K, used 63473K [0x0000000741e00000, 0x0000000800000000)
  region size 2048K, 20 young (40960K), 2 survivors (4096K)
 Metaspace       used 73800K, committed 76160K, reserved 1122304K
  class space    used 10141K, committed 10752K, reserved 1048576K
}
Event: 579.461 GC heap after
{Heap after GC invocations=58 (full 8):
 garbage-first heap   total 88064K, used 29518K [0x0000000741e00000, 0x0000000800000000)
  region size 2048K, 3 young (6144K), 3 survivors (6144K)
 Metaspace       used 73800K, committed 76160K, reserved 1122304K
  class space    used 10141K, committed 10752K, reserved 1048576K
}
Event: 579.814 GC heap before
{Heap before GC invocations=58 (full 8):
 garbage-first heap   total 88064K, used 64334K [0x0000000741e00000, 0x0000000800000000)
  region size 2048K, 20 young (40960K), 3 survivors (6144K)
 Metaspace       used 74075K, committed 76160K, reserved 1122304K
  class space    used 10161K, committed 10752K, reserved 1048576K
}
Event: 579.824 GC heap after
{Heap after GC invocations=59 (full 8):
 garbage-first heap   total 88064K, used 30995K [0x0000000741e00000, 0x0000000800000000)
  region size 2048K, 1 young (2048K), 1 survivors (2048K)
 Metaspace       used 74075K, committed 76160K, reserved 1122304K
  class space    used 10161K, committed 10752K, reserved 1048576K
}
Event: 580.387 GC heap before
{Heap before GC invocations=59 (full 8):
 garbage-first heap   total 88064K, used 63763K [0x0000000741e00000, 0x0000000800000000)
  region size 2048K, 17 young (34816K), 1 survivors (2048K)
 Metaspace       used 74138K, committed 76160K, reserved 1122304K
  class space    used 10174K, committed 10752K, reserved 1048576K
}

